{
  "36113698626065281": {
    "deviceInfo": {
      "deviceName": "GeForce GT 650M", 
      "uuid": 36113698626065281, 
      "driverVersion": "8.24.9 310.40.25f01", 
      "platformVersion": "OpenCL 1.2 (Dec  8 2013 21:07:05)", 
      "platformName": "Apple", 
      "openCLCVersion": "OpenCL C 1.2", 
      "deviceVersion": "OpenCL 1.2"
    }, 
    "results": {
      "2014-04-11T13:49:08+03:00": {
        "date": "2014-04-11T13:49:08+03:00", 
        "tests": [
          {
            "test": "kernel/cast_and_do_arithmetics_with_local_pointer.cl", 
            "output": "N/A", 
            "result": "PASS"
          }, 
          {
            "test": "kernel/constant_struct_has_pointer_to_self.cl", 
            "output": "Script:\n--\ntools/ocl-tester/ocl-tester compile --device 4118009272609614020 < tests/kernel/constant_struct_has_pointer_to_self.cl\n--\nExit Code: 1\n\nCommand Output (stderr):\n--\nError: Failed to build program... reading build log...\n-------- Build log: --------\n.kR\n\n--\n\n", 
            "result": "FAIL"
          }, 
          {
            "test": "kernel/nested_struct_with_local_memory_pointers.cl", 
            "output": "Script:\n--\ntools/ocl-tester/ocl-tester compile --device 4118009272609614020 < tests/kernel/nested_struct_with_local_memory_pointers.cl\n--\nExit Code: 1\n\nCommand Output (stderr):\n--\nError: Failed to build program... reading build log...\n-------- Build log: --------\nptxas application ptx input, line 19; error   : Arguments mismatch for instruction 'mov'\nptxas application ptx input, line 19; error   : Unknown symbol 'Lnested_struct_with_local_memory_pointers_2E_a'\nptxas application ptx input, line 19; error   : Label expected for forward reference of 'Lnested_struct_with_local_memory_pointers_2E_a'\nptxas fatal   : Ptx assembly aborted due to errors\n\n--\n\n", 
            "result": "FAIL"
          }, 
          {
            "test": "kernel/next_fail.cl", 
            "output": "Script:\n--\ntools/ocl-tester/ocl-tester compile --device 4118009272609614020 < tests/kernel/next_fail.cl\n--\nExit Code: 1\n\nCommand Output (stderr):\n--\nError: Failed to build program... reading build log...\n-------- Build log: --------\nptxas application ptx input, line 26; error   : Arguments mismatch for instruction 'mov'\nptxas application ptx input, line 26; error   : Unknown symbol 'Limage_copy_2E__wcl_allocations_allocation'\nptxas application ptx input, line 26; error   : Label expected for forward reference of 'Limage_copy_2E__wcl_allocations_allocation'\nptxas fatal   : Ptx assembly aborted due to errors\n\n--\n\n", 
            "result": "FAIL"
          }, 
          {
            "test": "kernel/test_suite_usage_example.cl", 
            "output": "N/A", 
            "result": "PASS"
          }, 
          {
            "test": "kernel/use_local_address_in_inline_function.cl", 
            "output": "N/A", 
            "result": "PASS"
          }, 
          {
            "test": "kernel/write_value_to_local_memory_variable.cl", 
            "output": "N/A", 
            "result": "PASS"
          }, 
          {
            "test": "kernel/write_wg_size_to_local_memory_table.cl", 
            "output": "Script:\n--\ntools/ocl-tester/ocl-tester compile --device 4118009272609614020 < tests/kernel/write_wg_size_to_local_memory_table.cl\n--\nExit Code: 1\n\nCommand Output (stderr):\n--\nError: Failed to build program... reading build log...\n-------- Build log: --------\nError getting function data from server\n\n--\n\n", 
            "result": "FAIL"
          }, 
          {
            "test": "kernel/zero_low_or_high_bits_of_local.cl", 
            "output": "N/A", 
            "result": "PASS"
          }
        ]
      }, 
      "2014-04-10T19:39:19+03:00": {
        "date": "2014-04-10T19:39:19+03:00", 
        "tests": [
          {
            "test": "kernel/cast_and_do_arithmetics_with_local_pointer.cl", 
            "output": "N/A", 
            "result": "PASS"
          }, 
          {
            "test": "kernel/constant_struct_has_pointer_to_self.cl", 
            "output": "Script:\n--\ntools/ocl-tester/ocl-tester compile --device 7947762985699276228 < tests/kernel/constant_struct_has_pointer_to_self.cl\n--\nExit Code: 1\n\nCommand Output (stderr):\n--\nError: Failed to build program... reading build log...\n-------- Build log: --------\n.kR\n\n--\n\n", 
            "result": "FAIL"
          }, 
          {
            "test": "kernel/nested_struct_with_local_memory_pointers.cl", 
            "output": "Script:\n--\ntools/ocl-tester/ocl-tester compile --device 7947762985699276228 < tests/kernel/nested_struct_with_local_memory_pointers.cl\n--\nExit Code: 1\n\nCommand Output (stderr):\n--\nError: Failed to build program... reading build log...\n-------- Build log: --------\nptxas application ptx input, line 19; error   : Arguments mismatch for instruction 'mov'\nptxas application ptx input, line 19; error   : Unknown symbol 'Lnested_struct_with_local_memory_pointers_2E_a'\nptxas application ptx input, line 19; error   : Label expected for forward reference of 'Lnested_struct_with_local_memory_pointers_2E_a'\nptxas fatal   : Ptx assembly aborted due to errors\n\n--\n\n", 
            "result": "FAIL"
          }, 
          {
            "test": "kernel/next_fail.cl", 
            "output": "Script:\n--\ntools/ocl-tester/ocl-tester compile --device 7947762985699276228 < tests/kernel/next_fail.cl\n--\nExit Code: 1\n\nCommand Output (stderr):\n--\nError: Failed to build program... reading build log...\n-------- Build log: --------\nptxas application ptx input, line 26; error   : Arguments mismatch for instruction 'mov'\nptxas application ptx input, line 26; error   : Unknown symbol 'Limage_copy_2E__wcl_allocations_allocation'\nptxas application ptx input, line 26; error   : Label expected for forward reference of 'Limage_copy_2E__wcl_allocations_allocation'\nptxas fatal   : Ptx assembly aborted due to errors\n\n--\n\n", 
            "result": "FAIL"
          }, 
          {
            "test": "kernel/test_suite_usage_example.cl", 
            "output": "N/A", 
            "result": "PASS"
          }, 
          {
            "test": "kernel/use_local_address_in_inline_function.cl", 
            "output": "N/A", 
            "result": "PASS"
          }, 
          {
            "test": "kernel/write_value_to_local_memory_variable.cl", 
            "output": "N/A", 
            "result": "PASS"
          }, 
          {
            "test": "kernel/write_wg_size_to_local_memory_table.cl", 
            "output": "Script:\n--\ntools/ocl-tester/ocl-tester compile --device 7947762985699276228 < tests/kernel/write_wg_size_to_local_memory_table.cl\n--\nExit Code: 1\n\nCommand Output (stderr):\n--\nError: Failed to build program... reading build log...\n-------- Build log: --------\nError getting function data from server\n\n--\n\n", 
            "result": "FAIL"
          }, 
          {
            "test": "kernel/zero_low_or_high_bits_of_local.cl", 
            "output": "N/A", 
            "result": "PASS"
          }
        ]
      }, 
      "2014-05-06T12:59:05+03:00": {
        "date": "2014-05-06T12:59:05+03:00", 
        "tests": [
          {
            "test": "kernel/cast_and_do_arithmetics_with_local_pointer.cl", 
            "output": "N/A", 
            "result": "PASS"
          }, 
          {
            "test": "kernel/constant_struct_has_pointer_to_self.cl", 
            "output": "Script:\n--\n\"tools/ocl-tester/ocl-tester\" compile --device 4118009272609614020 < \"tests/kernel/constant_struct_has_pointer_to_self.cl\"\n--\nExit Code: 1\n\nCommand Output (stdout):\n--\nCommand 0: \"tools/ocl-tester/ocl-tester\" \"compile\" \"--device\" \"4118009272609614020\"\nCommand 0 Result: 1\nCommand 0 Output:\n\n\nCommand 0 Stderr:\nError: Failed to build program... reading build log...\n-------- Build log: --------\n.kR\n\n\n\n--\n\n", 
            "result": "FAIL"
          }, 
          {
            "test": "kernel/nested_struct_with_local_memory_pointers.cl", 
            "output": "Script:\n--\n\"tools/ocl-tester/ocl-tester\" compile --device 4118009272609614020 < \"tests/kernel/nested_struct_with_local_memory_pointers.cl\"\n--\nExit Code: 1\n\nCommand Output (stdout):\n--\nCommand 0: \"tools/ocl-tester/ocl-tester\" \"compile\" \"--device\" \"4118009272609614020\"\nCommand 0 Result: 1\nCommand 0 Output:\n\n\nCommand 0 Stderr:\nError: Failed to build program... reading build log...\n-------- Build log: --------\nptxas application ptx input, line 19; error   : Arguments mismatch for instruction 'mov'\nptxas application ptx input, line 19; error   : Unknown symbol 'Lnested_struct_with_local_memory_pointers_2E_a'\nptxas application ptx input, line 19; error   : Label expected for forward reference of 'Lnested_struct_with_local_memory_pointers_2E_a'\nptxas fatal   : Ptx assembly aborted due to errors\n\n\n\n--\n\n", 
            "result": "FAIL"
          }, 
          {
            "test": "kernel/test_suite_usage_example.cl", 
            "output": "N/A", 
            "result": "PASS"
          }, 
          {
            "test": "kernel/use_local_address_in_inline_function.cl", 
            "output": "N/A", 
            "result": "PASS"
          }, 
          {
            "test": "kernel/write_value_to_local_memory_variable.cl", 
            "output": "N/A", 
            "result": "PASS"
          }, 
          {
            "test": "kernel/write_wg_size_to_local_memory_table.cl", 
            "output": "Script:\n--\n\"tools/ocl-tester/ocl-tester\" compile --device 4118009272609614020 < \"tests/kernel/write_wg_size_to_local_memory_table.cl\"\n--\nExit Code: 1\n\nCommand Output (stdout):\n--\nCommand 0: \"tools/ocl-tester/ocl-tester\" \"compile\" \"--device\" \"4118009272609614020\"\nCommand 0 Result: 1\nCommand 0 Output:\n\n\nCommand 0 Stderr:\nError: Failed to build program... reading build log...\n-------- Build log: --------\nError getting function data from server\n\n\n\n--\n\n", 
            "result": "FAIL"
          }, 
          {
            "test": "kernel/zero_low_or_high_bits_of_local.cl", 
            "output": "N/A", 
            "result": "PASS"
          }
        ]
      }
    }
  }, 
  "5261513987778395394": {
    "deviceInfo": {
      "deviceName": "Intel(R) Core(TM) i7-3615QM CPU @ 2.30GHz", 
      "uuid": 5261513987778395394, 
      "driverVersion": "1.1", 
      "platformVersion": "OpenCL 1.2 (Dec  8 2013 21:07:05)", 
      "platformName": "Apple", 
      "openCLCVersion": "OpenCL C 1.2", 
      "deviceVersion": "OpenCL 1.2"
    }, 
    "results": {
      "2014-04-11T13:49:08+03:00": {
        "date": "2014-04-11T13:49:08+03:00", 
        "tests": [
          {
            "test": "kernel/cast_and_do_arithmetics_with_local_pointer.cl", 
            "output": "Script:\n--\ntools/ocl-tester/ocl-tester compile --device 13648214698896804304 < tests/kernel/cast_and_do_arithmetics_with_local_pointer.cl\n--\nExit Code: 1\n\nCommand Output (stderr):\n--\nError: Failed to build program... reading build log...\n-------- Build log: --------\nCVMS_ERROR_COMPILER_FAILURE: CVMS compiler has crashed or hung building an element.\n\n--\n\n", 
            "result": "FAIL"
          }, 
          {
            "test": "kernel/constant_struct_has_pointer_to_self.cl", 
            "output": "N/A", 
            "result": "PASS"
          }, 
          {
            "test": "kernel/nested_struct_with_local_memory_pointers.cl", 
            "output": "Script:\n--\ntools/ocl-tester/ocl-tester compile --device 13648214698896804304 < tests/kernel/nested_struct_with_local_memory_pointers.cl\n--\nExit Code: 1\n\nCommand Output (stderr):\n--\nError: Failed to build program... reading build log...\n-------- Build log: --------\nCVMS_ERROR_COMPILER_FAILURE: CVMS compiler has crashed or hung building an element.\n\n--\n\n", 
            "result": "FAIL"
          }, 
          {
            "test": "kernel/next_fail.cl", 
            "output": "N/A", 
            "result": "PASS"
          }, 
          {
            "test": "kernel/test_suite_usage_example.cl", 
            "output": "N/A", 
            "result": "PASS"
          }, 
          {
            "test": "kernel/use_local_address_in_inline_function.cl", 
            "output": "Script:\n--\ntools/ocl-tester/ocl-tester compile --device 13648214698896804304 < tests/kernel/use_local_address_in_inline_function.cl\n--\nExit Code: 1\n\nCommand Output (stderr):\n--\nError: Failed to build program... reading build log...\n-------- Build log: --------\nCVMS_ERROR_COMPILER_FAILURE: CVMS compiler has crashed or hung building an element.\n\n--\n\n", 
            "result": "FAIL"
          }, 
          {
            "test": "kernel/write_value_to_local_memory_variable.cl", 
            "output": "N/A", 
            "result": "PASS"
          }, 
          {
            "test": "kernel/write_wg_size_to_local_memory_table.cl", 
            "output": "N/A", 
            "result": "PASS"
          }, 
          {
            "test": "kernel/zero_low_or_high_bits_of_local.cl", 
            "output": "Script:\n--\ntools/ocl-tester/ocl-tester compile --device 13648214698896804304 < tests/kernel/zero_low_or_high_bits_of_local.cl\n--\nExit Code: 1\n\nCommand Output (stderr):\n--\nError: Failed to build program... reading build log...\n-------- Build log: --------\nCVMS_ERROR_COMPILER_FAILURE: CVMS compiler has crashed or hung building an element.\n\n--\n\n", 
            "result": "FAIL"
          }
        ]
      }, 
      "2014-04-10T19:39:19+03:00": {
        "date": "2014-04-10T19:39:19+03:00", 
        "tests": [
          {
            "test": "kernel/cast_and_do_arithmetics_with_local_pointer.cl", 
            "output": "Script:\n--\ntools/ocl-tester/ocl-tester compile --device 4815861465216327544 < tests/kernel/cast_and_do_arithmetics_with_local_pointer.cl\n--\nExit Code: 1\n\nCommand Output (stderr):\n--\nError: Failed to build program... reading build log...\n-------- Build log: --------\nCVMS_ERROR_COMPILER_FAILURE: CVMS compiler has crashed or hung building an element.\n\n--\n\n", 
            "result": "FAIL"
          }, 
          {
            "test": "kernel/constant_struct_has_pointer_to_self.cl", 
            "output": "N/A", 
            "result": "PASS"
          }, 
          {
            "test": "kernel/nested_struct_with_local_memory_pointers.cl", 
            "output": "Script:\n--\ntools/ocl-tester/ocl-tester compile --device 4815861465216327544 < tests/kernel/nested_struct_with_local_memory_pointers.cl\n--\nExit Code: 1\n\nCommand Output (stderr):\n--\nError: Failed to build program... reading build log...\n-------- Build log: --------\nCVMS_ERROR_COMPILER_FAILURE: CVMS compiler has crashed or hung building an element.\n\n--\n\n", 
            "result": "FAIL"
          }, 
          {
            "test": "kernel/next_fail.cl", 
            "output": "N/A", 
            "result": "PASS"
          }, 
          {
            "test": "kernel/test_suite_usage_example.cl", 
            "output": "N/A", 
            "result": "PASS"
          }, 
          {
            "test": "kernel/use_local_address_in_inline_function.cl", 
            "output": "Script:\n--\ntools/ocl-tester/ocl-tester compile --device 4815861465216327544 < tests/kernel/use_local_address_in_inline_function.cl\n--\nExit Code: 1\n\nCommand Output (stderr):\n--\nError: Failed to build program... reading build log...\n-------- Build log: --------\nCVMS_ERROR_COMPILER_FAILURE: CVMS compiler has crashed or hung building an element.\n\n--\n\n", 
            "result": "FAIL"
          }, 
          {
            "test": "kernel/write_value_to_local_memory_variable.cl", 
            "output": "N/A", 
            "result": "PASS"
          }, 
          {
            "test": "kernel/write_wg_size_to_local_memory_table.cl", 
            "output": "N/A", 
            "result": "PASS"
          }, 
          {
            "test": "kernel/zero_low_or_high_bits_of_local.cl", 
            "output": "Script:\n--\ntools/ocl-tester/ocl-tester compile --device 4815861465216327544 < tests/kernel/zero_low_or_high_bits_of_local.cl\n--\nExit Code: 1\n\nCommand Output (stderr):\n--\nError: Failed to build program... reading build log...\n-------- Build log: --------\nCVMS_ERROR_COMPILER_FAILURE: CVMS compiler has crashed or hung building an element.\n\n--\n\n", 
            "result": "FAIL"
          }
        ]
      }, 
      "2014-05-06T12:59:05+03:00": {
        "date": "2014-05-06T12:59:05+03:00", 
        "tests": [
          {
            "test": "kernel/cast_and_do_arithmetics_with_local_pointer.cl", 
            "output": "Script:\n--\n\"tools/ocl-tester/ocl-tester\" compile --device 13648214698896804304 < \"tests/kernel/cast_and_do_arithmetics_with_local_pointer.cl\"\n--\nExit Code: 1\n\nCommand Output (stdout):\n--\nCommand 0: \"tools/ocl-tester/ocl-tester\" \"compile\" \"--device\" \"13648214698896804304\"\nCommand 0 Result: 1\nCommand 0 Output:\n\n\nCommand 0 Stderr:\nError: Failed to build program... reading build log...\n-------- Build log: --------\nCVMS_ERROR_COMPILER_FAILURE: CVMS compiler has crashed or hung building an element.\n\n\n\n--\n\n", 
            "result": "FAIL"
          }, 
          {
            "test": "kernel/constant_struct_has_pointer_to_self.cl", 
            "output": "N/A", 
            "result": "PASS"
          }, 
          {
            "test": "kernel/nested_struct_with_local_memory_pointers.cl", 
            "output": "Script:\n--\n\"tools/ocl-tester/ocl-tester\" compile --device 13648214698896804304 < \"tests/kernel/nested_struct_with_local_memory_pointers.cl\"\n--\nExit Code: 1\n\nCommand Output (stdout):\n--\nCommand 0: \"tools/ocl-tester/ocl-tester\" \"compile\" \"--device\" \"13648214698896804304\"\nCommand 0 Result: 1\nCommand 0 Output:\n\n\nCommand 0 Stderr:\nError: Failed to build program... reading build log...\n-------- Build log: --------\nCVMS_ERROR_COMPILER_FAILURE: CVMS compiler has crashed or hung building an element.\n\n\n\n--\n\n", 
            "result": "FAIL"
          }, 
          {
            "test": "kernel/test_suite_usage_example.cl", 
            "output": "N/A", 
            "result": "PASS"
          }, 
          {
            "test": "kernel/use_local_address_in_inline_function.cl", 
            "output": "Script:\n--\n\"tools/ocl-tester/ocl-tester\" compile --device 13648214698896804304 < \"tests/kernel/use_local_address_in_inline_function.cl\"\n--\nExit Code: 1\n\nCommand Output (stdout):\n--\nCommand 0: \"tools/ocl-tester/ocl-tester\" \"compile\" \"--device\" \"13648214698896804304\"\nCommand 0 Result: 1\nCommand 0 Output:\n\n\nCommand 0 Stderr:\nError: Failed to build program... reading build log...\n-------- Build log: --------\nCVMS_ERROR_COMPILER_FAILURE: CVMS compiler has crashed or hung building an element.\n\n\n\n--\n\n", 
            "result": "FAIL"
          }, 
          {
            "test": "kernel/write_value_to_local_memory_variable.cl", 
            "output": "N/A", 
            "result": "PASS"
          }, 
          {
            "test": "kernel/write_wg_size_to_local_memory_table.cl", 
            "output": "N/A", 
            "result": "PASS"
          }, 
          {
            "test": "kernel/zero_low_or_high_bits_of_local.cl", 
            "output": "Script:\n--\n\"tools/ocl-tester/ocl-tester\" compile --device 13648214698896804304 < \"tests/kernel/zero_low_or_high_bits_of_local.cl\"\n--\nExit Code: 1\n\nCommand Output (stdout):\n--\nCommand 0: \"tools/ocl-tester/ocl-tester\" \"compile\" \"--device\" \"13648214698896804304\"\nCommand 0 Result: 1\nCommand 0 Output:\n\n\nCommand 0 Stderr:\nError: Failed to build program... reading build log...\n-------- Build log: --------\nCVMS_ERROR_COMPILER_FAILURE: CVMS compiler has crashed or hung building an element.\n\n\n\n--\n\n", 
            "result": "FAIL"
          }
        ]
      }
    }
  }, 
  "2215996675198834701": {
    "deviceInfo": {
      "deviceName": "HD Graphics 4000", 
      "uuid": 2215996675198834701, 
      "driverVersion": "1.2(Feb  7 2014 18:36:33)", 
      "platformVersion": "OpenCL 1.2 (Dec  8 2013 21:07:05)", 
      "platformName": "Apple", 
      "openCLCVersion": "OpenCL C 1.2", 
      "deviceVersion": "OpenCL 1.2"
    }, 
    "results": {
      "2014-04-11T13:49:08+03:00": {
        "date": "2014-04-11T13:49:08+03:00", 
        "tests": [
          {
            "test": "kernel/cast_and_do_arithmetics_with_local_pointer.cl", 
            "output": "N/A", 
            "result": "PASS"
          }, 
          {
            "test": "kernel/constant_struct_has_pointer_to_self.cl", 
            "output": "N/A", 
            "result": "PASS"
          }, 
          {
            "test": "kernel/nested_struct_with_local_memory_pointers.cl", 
            "output": "N/A", 
            "result": "PASS"
          }, 
          {
            "test": "kernel/next_fail.cl", 
            "output": "N/A", 
            "result": "PASS"
          }, 
          {
            "test": "kernel/test_suite_usage_example.cl", 
            "output": "N/A", 
            "result": "PASS"
          }, 
          {
            "test": "kernel/use_local_address_in_inline_function.cl", 
            "output": "N/A", 
            "result": "PASS"
          }, 
          {
            "test": "kernel/write_value_to_local_memory_variable.cl", 
            "output": "Script:\n--\ntools/ocl-tester/ocl-tester compile --device 1325316654700832193 < tests/kernel/write_value_to_local_memory_variable.cl\n--\nExit Code: 1\n\nCommand Output (stderr):\n--\nError: Failed to build program... reading build log...\n-------- Build log: --------\nError: parse error.\n\n--\n\n", 
            "result": "FAIL"
          }, 
          {
            "test": "kernel/write_wg_size_to_local_memory_table.cl", 
            "output": "N/A", 
            "result": "PASS"
          }, 
          {
            "test": "kernel/zero_low_or_high_bits_of_local.cl", 
            "output": "N/A", 
            "result": "PASS"
          }
        ]
      }, 
      "2014-04-10T19:39:19+03:00": {
        "date": "2014-04-10T19:39:19+03:00", 
        "tests": [
          {
            "test": "kernel/cast_and_do_arithmetics_with_local_pointer.cl", 
            "output": "N/A", 
            "result": "PASS"
          }, 
          {
            "test": "kernel/constant_struct_has_pointer_to_self.cl", 
            "output": "N/A", 
            "result": "PASS"
          }, 
          {
            "test": "kernel/nested_struct_with_local_memory_pointers.cl", 
            "output": "N/A", 
            "result": "PASS"
          }, 
          {
            "test": "kernel/next_fail.cl", 
            "output": "N/A", 
            "result": "PASS"
          }, 
          {
            "test": "kernel/test_suite_usage_example.cl", 
            "output": "N/A", 
            "result": "PASS"
          }, 
          {
            "test": "kernel/use_local_address_in_inline_function.cl", 
            "output": "N/A", 
            "result": "PASS"
          }, 
          {
            "test": "kernel/write_value_to_local_memory_variable.cl", 
            "output": "Script:\n--\ntools/ocl-tester/ocl-tester compile --device 1646481365864493515 < tests/kernel/write_value_to_local_memory_variable.cl\n--\nExit Code: 1\n\nCommand Output (stderr):\n--\nError: Failed to build program... reading build log...\n-------- Build log: --------\nError: parse error.\n\n--\n\n", 
            "result": "FAIL"
          }, 
          {
            "test": "kernel/write_wg_size_to_local_memory_table.cl", 
            "output": "N/A", 
            "result": "PASS"
          }, 
          {
            "test": "kernel/zero_low_or_high_bits_of_local.cl", 
            "output": "N/A", 
            "result": "PASS"
          }
        ]
      }, 
      "2014-05-06T12:59:05+03:00": {
        "date": "2014-05-06T12:59:05+03:00", 
        "tests": [
          {
            "test": "kernel/cast_and_do_arithmetics_with_local_pointer.cl", 
            "output": "Script:\n--\n\"tools/ocl-tester/ocl-tester\" compile --device 1325316654700832193 < \"tests/kernel/cast_and_do_arithmetics_with_local_pointer.cl\"\n--\nExit Code: -11\n\nCommand Output (stdout):\n--\nCommand 0: \"tools/ocl-tester/ocl-tester\" \"compile\" \"--device\" \"1325316654700832193\"\nCommand 0 Result: -11\nCommand 0 Output:\n\n\nCommand 0 Stderr:\n\n\n\n--\n\n", 
            "result": "FAIL"
          }, 
          {
            "test": "kernel/constant_struct_has_pointer_to_self.cl", 
            "output": "N/A", 
            "result": "PASS"
          }, 
          {
            "test": "kernel/nested_struct_with_local_memory_pointers.cl", 
            "output": "N/A", 
            "result": "PASS"
          }, 
          {
            "test": "kernel/test_suite_usage_example.cl", 
            "output": "N/A", 
            "result": "PASS"
          }, 
          {
            "test": "kernel/use_local_address_in_inline_function.cl", 
            "output": "N/A", 
            "result": "PASS"
          }, 
          {
            "test": "kernel/write_value_to_local_memory_variable.cl", 
            "output": "Script:\n--\n\"tools/ocl-tester/ocl-tester\" compile --device 1325316654700832193 < \"tests/kernel/write_value_to_local_memory_variable.cl\"\n--\nExit Code: 1\n\nCommand Output (stdout):\n--\nCommand 0: \"tools/ocl-tester/ocl-tester\" \"compile\" \"--device\" \"1325316654700832193\"\nCommand 0 Result: 1\nCommand 0 Output:\n\n\nCommand 0 Stderr:\nError: Failed to build program... reading build log...\n-------- Build log: --------\nError: parse error.\n\n\n\n--\n\n", 
            "result": "FAIL"
          }, 
          {
            "test": "kernel/write_wg_size_to_local_memory_table.cl", 
            "output": "N/A", 
            "result": "PASS"
          }, 
          {
            "test": "kernel/zero_low_or_high_bits_of_local.cl", 
            "output": "N/A", 
            "result": "PASS"
          }
        ]
      }
    }
  }, 
  "6092123796984811630": {
    "deviceInfo": {
      "deviceName": "GeForce GT 650M", 
      "uuid": 6092123796984811630, 
      "driverVersion": "8.24.9 310.40.25f01", 
      "platformName": "Apple", 
      "openCLCVersion": "OpenCL C 1.2", 
      "deviceVersion": "OpenCL 1.2"
    }, 
    "results": {
      "2014-04-09T22:45:47+03:00": {
        "date": "2014-04-09T22:45:47+03:00", 
        "tests": [
          {
            "test": "kernel/cast_and_do_arithmetics_with_local_pointer.cl", 
            "output": "N/A", 
            "result": "PASS"
          }, 
          {
            "test": "kernel/constant_struct_has_pointer_to_self.cl", 
            "output": "Script:\n--\ntools/ocl-tester/ocl-tester compile --device 7947762985699276228 < tests/kernel/constant_struct_has_pointer_to_self.cl\n--\nExit Code: 1\n\nCommand Output (stderr):\n--\nError: Failed to build program... reading build log...\n-------- Build log: --------\n.kR\n\n--\n\n", 
            "result": "FAIL"
          }, 
          {
            "test": "kernel/nested_struct_with_local_memory_pointers.cl", 
            "output": "Script:\n--\ntools/ocl-tester/ocl-tester compile --device 7947762985699276228 < tests/kernel/nested_struct_with_local_memory_pointers.cl\n--\nExit Code: 1\n\nCommand Output (stderr):\n--\nError: Failed to build program... reading build log...\n-------- Build log: --------\nptxas application ptx input, line 19; error   : Arguments mismatch for instruction 'mov'\nptxas application ptx input, line 19; error   : Unknown symbol 'Lnested_struct_with_local_memory_pointers_2E_a'\nptxas application ptx input, line 19; error   : Label expected for forward reference of 'Lnested_struct_with_local_memory_pointers_2E_a'\nptxas fatal   : Ptx assembly aborted due to errors\n\n--\n\n", 
            "result": "FAIL"
          }, 
          {
            "test": "kernel/next_fail.cl", 
            "output": "Script:\n--\ntools/ocl-tester/ocl-tester compile --device 7947762985699276228 < tests/kernel/next_fail.cl\n--\nExit Code: 1\n\nCommand Output (stderr):\n--\nError: Failed to build program... reading build log...\n-------- Build log: --------\nptxas application ptx input, line 26; error   : Arguments mismatch for instruction 'mov'\nptxas application ptx input, line 26; error   : Unknown symbol 'Limage_copy_2E__wcl_allocations_allocation'\nptxas application ptx input, line 26; error   : Label expected for forward reference of 'Limage_copy_2E__wcl_allocations_allocation'\nptxas fatal   : Ptx assembly aborted due to errors\n\n--\n\n", 
            "result": "FAIL"
          }, 
          {
            "test": "kernel/test_suite_usage_example.cl", 
            "output": "N/A", 
            "result": "PASS"
          }, 
          {
            "test": "kernel/use_local_address_in_inline_function.cl", 
            "output": "N/A", 
            "result": "PASS"
          }, 
          {
            "test": "kernel/write_value_to_local_memory_variable.cl", 
            "output": "N/A", 
            "result": "PASS"
          }, 
          {
            "test": "kernel/write_wg_size_to_local_memory_table.cl", 
            "output": "Script:\n--\ntools/ocl-tester/ocl-tester compile --device 7947762985699276228 < tests/kernel/write_wg_size_to_local_memory_table.cl\n--\nExit Code: 1\n\nCommand Output (stderr):\n--\nError: Failed to build program... reading build log...\n-------- Build log: --------\nError getting function data from server\n\n--\n\n", 
            "result": "FAIL"
          }, 
          {
            "test": "kernel/zero_low_or_high_bits_of_local.cl", 
            "output": "N/A", 
            "result": "PASS"
          }
        ]
      }
    }
  }, 
  "2971114038524396273": {
    "deviceInfo": {
      "deviceName": "pthread-Intel(R) Core(TM) i7-3615QM CPU @ 2.30GHz", 
      "uuid": 2971114038524396273, 
      "driverVersion": "0.9", 
      "platformVersion": "OpenCL 1.2 pocl 0.9", 
      "platformName": "Portable Computing Language", 
      "openCLCVersion": "OpenCL C 1.2", 
      "deviceVersion": "OpenCL 1.2 pocl"
    }, 
    "results": {
      "2014-04-11T10:37:12+03:00": {
        "date": "2014-04-11T10:37:12+03:00", 
        "tests": [
          {
            "test": "kernel/cast_and_do_arithmetics_with_local_pointer.cl", 
            "output": "N/A", 
            "result": "PASS"
          }, 
          {
            "test": "kernel/constant_struct_has_pointer_to_self.cl", 
            "output": "Script:\n--\ntools/ocl-tester/ocl-tester compile --device 4366402263448290745 < tests/kernel/constant_struct_has_pointer_to_self.cl\n--\nExit Code: 134\n\nCommand Output (stderr):\n--\n/tmp/poclvJrWzo//program.cl:8:40: warning: incompatible pointer types initializing '__constant int *' with an expression of type '__constant int *__constant *'\nconstant ConstantPool constants = { 1, &constants.firstPtr };\n                                       ^~~~~~~~~~~~~~~~~~~\nBitcasts between pointers of different address spaces is not legal.Use AddrSpaceCast instead.\ni32 addrspace(3)* bitcast (i8* getelementptr (i8* bitcast (%struct.ConstantPool addrspace(3)* @constants to i8*), i64 8) to i32 addrspace(3)*)\nBroken module found, compilation aborted!\nrun_scripts/device_4366402263448290745/kernel/Output/constant_struct_has_pointer_to_self.cl.script: line 1:  1095 Aborted                 (core dumped) tools/ocl-tester/ocl-tester compile --device 4366402263448290745 < tests/kernel/constant_struct_has_pointer_to_self.cl\n\n--\n\n", 
            "result": "FAIL"
          }, 
          {
            "test": "kernel/nested_struct_with_local_memory_pointers.cl", 
            "output": "Script:\n--\ntools/ocl-tester/ocl-tester compile --device 4366402263448290745 < tests/kernel/nested_struct_with_local_memory_pointers.cl\n--\nExit Code: 134\n\nCommand Output (stderr):\n--\nBitcasts between pointers of different address spaces is not legal.Use AddrSpaceCast instead.\ni32 addrspace(2)* bitcast (i8* getelementptr (i8* bitcast (i32 addrspace(2)* @nested_struct_with_local_memory_pointers.limits to i8*), i64 4) to i32 addrspace(2)*)\nBroken module found, compilation aborted!\nrun_scripts/device_4366402263448290745/kernel/Output/nested_struct_with_local_memory_pointers.cl.script: line 1:  1098 Aborted                 (core dumped) tools/ocl-tester/ocl-tester compile --device 4366402263448290745 < tests/kernel/nested_struct_with_local_memory_pointers.cl\n\n--\n\n", 
            "result": "FAIL"
          }, 
          {
            "test": "kernel/test_suite_usage_example.cl", 
            "output": "N/A", 
            "result": "PASS"
          }, 
          {
            "test": "kernel/use_local_address_in_inline_function.cl", 
            "output": "Script:\n--\ntools/ocl-tester/ocl-tester compile --device 4366402263448290745 < tests/kernel/use_local_address_in_inline_function.cl\n--\nExit Code: 134\n\nCommand Output (stderr):\n--\n/tmp/pocl26Ub94//program.cl:10:12: warning: expression result unused\n    addr ? 0 : 1;\n           ^\nBitcasts between pointers of different address spaces is not legal.Use AddrSpaceCast instead.\ni32 addrspace(2)* bitcast (i8* getelementptr (i8* bitcast ([1 x i32] addrspace(2)* @local_address_in_inline_function.range to i8*), i64 4) to i32 addrspace(2)*)\nBroken module found, compilation aborted!\nrun_scripts/device_4366402263448290745/kernel/Output/use_local_address_in_inline_function.cl.script: line 1:  1102 Aborted                 (core dumped) tools/ocl-tester/ocl-tester compile --device 4366402263448290745 < tests/kernel/use_local_address_in_inline_function.cl\n\n--\n\n", 
            "result": "FAIL"
          }, 
          {
            "test": "kernel/write_value_to_local_memory_variable.cl", 
            "output": "N/A", 
            "result": "PASS"
          }, 
          {
            "test": "kernel/write_wg_size_to_local_memory_table.cl", 
            "output": "N/A", 
            "result": "PASS"
          }, 
          {
            "test": "kernel/zero_low_or_high_bits_of_local.cl", 
            "output": "N/A", 
            "result": "PASS"
          }
        ]
      }
    }
  }, 
  "5511004961981190421": {
    "deviceInfo": {
      "deviceName": "Intel(R) Core(TM) i7-3615QM CPU @ 2.30GHz", 
      "uuid": 5511004961981190421, 
      "driverVersion": "3.0.1.15216", 
      "platformVersion": "OpenCL 1.2", 
      "platformName": "Intel(R) OpenCL", 
      "openCLCVersion": "OpenCL C 1.2", 
      "deviceVersion": "OpenCL 1.2 (Build 80752)"
    }, 
    "results": {
      "2014-04-13T03:17:34+03:00": {
        "date": "2014-04-13T03:17:34+03:00", 
        "tests": [
          {
            "test": "kernel/cast_and_do_arithmetics_with_local_pointer.cl", 
            "output": "N/A", 
            "result": "PASS"
          }, 
          {
            "test": "kernel/constant_struct_has_pointer_to_self.cl", 
            "output": "N/A", 
            "result": "PASS"
          }, 
          {
            "test": "kernel/nested_struct_with_local_memory_pointers.cl", 
            "output": "N/A", 
            "result": "PASS"
          }, 
          {
            "test": "kernel/test_suite_usage_example.cl", 
            "output": "N/A", 
            "result": "PASS"
          }, 
          {
            "test": "kernel/use_local_address_in_inline_function.cl", 
            "output": "N/A", 
            "result": "PASS"
          }, 
          {
            "test": "kernel/write_value_to_local_memory_variable.cl", 
            "output": "N/A", 
            "result": "PASS"
          }, 
          {
            "test": "kernel/write_wg_size_to_local_memory_table.cl", 
            "output": "N/A", 
            "result": "PASS"
          }, 
          {
            "test": "kernel/zero_low_or_high_bits_of_local.cl", 
            "output": "Script:\n--\n\"tools/ocl-tester/Debug/ocl-tester.exe\" compile --device 4008618669 < \"tests\\kernel\\zero_low_or_high_bits_of_local.cl\"\n--\nExit Code: 3\n\nCommand Output (stdout):\n--\nCommand 0: \"tools/ocl-tester/Debug/ocl-tester.exe\" \"compile\" \"--device\" \"4008618669\"\nCommand 0 Result: 3\nCommand 0 Output:\n\n\nCommand 0 Stderr:\nInstruction does not dominate all uses!\n  %5 = getelementptr i8 addrspace(3)* %1, i32 128\n  %2 = icmp ult i8 addrspace(3)* %5, %1\nInstruction does not dominate all uses!\n  %2 = icmp ult i8 addrspace(3)* %5, %1\n  %.v.i = select i1 %2, i8 addrspace(3)* %3, i8 addrspace(3)* %1\nInstruction does not dominate all uses!\n  %.v.i = select i1 %2, i8 addrspace(3)* %3, i8 addrspace(3)* %1\n  %4 = bitcast i8 addrspace(3)* %.v.i to i32 addrspace(3)*\nInstruction does not dominate all uses!\n  %4 = bitcast i8 addrspace(3)* %.v.i to i32 addrspace(3)*\n  store i32 0, i32 addrspace(3)* %4, align 4\nBroken module found, compilation aborted!\n\n\n\n--\n\n", 
            "result": "FAIL"
          }
        ]
      }, 
      "2014-04-13T02:43:06+03:00": {
        "date": "2014-04-13T02:43:06+03:00", 
        "tests": [
          {
            "test": "kernel/cast_and_do_arithmetics_with_local_pointer.cl", 
            "output": "N/A", 
            "result": "PASS"
          }, 
          {
            "test": "kernel/constant_struct_has_pointer_to_self.cl", 
            "output": "N/A", 
            "result": "PASS"
          }, 
          {
            "test": "kernel/nested_struct_with_local_memory_pointers.cl", 
            "output": "N/A", 
            "result": "PASS"
          }, 
          {
            "test": "kernel/test_suite_usage_example.cl", 
            "output": "N/A", 
            "result": "PASS"
          }, 
          {
            "test": "kernel/use_local_address_in_inline_function.cl", 
            "output": "N/A", 
            "result": "PASS"
          }, 
          {
            "test": "kernel/write_value_to_local_memory_variable.cl", 
            "output": "N/A", 
            "result": "PASS"
          }, 
          {
            "test": "kernel/write_wg_size_to_local_memory_table.cl", 
            "output": "N/A", 
            "result": "PASS"
          }, 
          {
            "test": "kernel/zero_low_or_high_bits_of_local.cl", 
            "output": "Script:\n--\n\"tools/ocl-tester/Debug/ocl-tester.exe\" compile --device 4008618669 < \"tests/kernel/zero_low_or_high_bits_of_local.cl\"\n--\nExit Code: 3\n\nCommand Output (stderr):\n--\nInstruction does not dominate all uses!\n  %5 = getelementptr i8 addrspace(3)* %1, i32 128\n  %2 = icmp ult i8 addrspace(3)* %5, %1\nInstruction does not dominate all uses!\n  %2 = icmp ult i8 addrspace(3)* %5, %1\n  %.v.i = select i1 %2, i8 addrspace(3)* %3, i8 addrspace(3)* %1\nInstruction does not dominate all uses!\n  %.v.i = select i1 %2, i8 addrspace(3)* %3, i8 addrspace(3)* %1\n  %4 = bitcast i8 addrspace(3)* %.v.i to i32 addrspace(3)*\nInstruction does not dominate all uses!\n  %4 = bitcast i8 addrspace(3)* %.v.i to i32 addrspace(3)*\n  store i32 0, i32 addrspace(3)* %4, align 4\nBroken module found, compilation aborted!\n\n--\n\n", 
            "result": "FAIL"
          }
        ]
      }
    }
  }, 
  "8726597967754366382": {
    "deviceInfo": {
      "deviceName": "HD Graphics 4000", 
      "uuid": 8726597967754366382, 
      "driverVersion": "1.2(Feb  7 2014 18:36:33)", 
      "platformName": "Apple", 
      "openCLCVersion": "OpenCL C 1.2", 
      "deviceVersion": "OpenCL 1.2"
    }, 
    "results": {
      "2014-04-09T22:45:47+03:00": {
        "date": "2014-04-09T22:45:47+03:00", 
        "tests": [
          {
            "test": "kernel/cast_and_do_arithmetics_with_local_pointer.cl", 
            "output": "N/A", 
            "result": "PASS"
          }, 
          {
            "test": "kernel/constant_struct_has_pointer_to_self.cl", 
            "output": "N/A", 
            "result": "PASS"
          }, 
          {
            "test": "kernel/nested_struct_with_local_memory_pointers.cl", 
            "output": "N/A", 
            "result": "PASS"
          }, 
          {
            "test": "kernel/next_fail.cl", 
            "output": "N/A", 
            "result": "PASS"
          }, 
          {
            "test": "kernel/test_suite_usage_example.cl", 
            "output": "N/A", 
            "result": "PASS"
          }, 
          {
            "test": "kernel/use_local_address_in_inline_function.cl", 
            "output": "N/A", 
            "result": "PASS"
          }, 
          {
            "test": "kernel/write_value_to_local_memory_variable.cl", 
            "output": "Script:\n--\ntools/ocl-tester/ocl-tester compile --device 1646481365864493515 < tests/kernel/write_value_to_local_memory_variable.cl\n--\nExit Code: 1\n\nCommand Output (stderr):\n--\nError: Failed to build program... reading build log...\n-------- Build log: --------\nError: parse error.\n\n--\n\n", 
            "result": "FAIL"
          }, 
          {
            "test": "kernel/write_wg_size_to_local_memory_table.cl", 
            "output": "N/A", 
            "result": "PASS"
          }, 
          {
            "test": "kernel/zero_low_or_high_bits_of_local.cl", 
            "output": "N/A", 
            "result": "PASS"
          }
        ]
      }
    }
  }, 
  "1536732093089095291": {
    "deviceInfo": {
      "deviceName": "Intel(R) Core(TM) i7-3615QM CPU @ 2.30GHz", 
      "uuid": 1536732093089095291, 
      "driverVersion": "1.1", 
      "platformName": "Apple", 
      "openCLCVersion": "OpenCL C 1.2", 
      "deviceVersion": "OpenCL 1.2"
    }, 
    "results": {
      "2014-04-09T22:45:47+03:00": {
        "date": "2014-04-09T22:45:47+03:00", 
        "tests": [
          {
            "test": "kernel/cast_and_do_arithmetics_with_local_pointer.cl", 
            "output": "Script:\n--\ntools/ocl-tester/ocl-tester compile --device 4815861465216327544 < tests/kernel/cast_and_do_arithmetics_with_local_pointer.cl\n--\nExit Code: 1\n\nCommand Output (stderr):\n--\nError: Failed to build program... reading build log...\n-------- Build log: --------\nCVMS_ERROR_COMPILER_FAILURE: CVMS compiler has crashed or hung building an element.\n\n--\n\n", 
            "result": "FAIL"
          }, 
          {
            "test": "kernel/constant_struct_has_pointer_to_self.cl", 
            "output": "N/A", 
            "result": "PASS"
          }, 
          {
            "test": "kernel/nested_struct_with_local_memory_pointers.cl", 
            "output": "Script:\n--\ntools/ocl-tester/ocl-tester compile --device 4815861465216327544 < tests/kernel/nested_struct_with_local_memory_pointers.cl\n--\nExit Code: 1\n\nCommand Output (stderr):\n--\nError: Failed to build program... reading build log...\n-------- Build log: --------\nCVMS_ERROR_COMPILER_FAILURE: CVMS compiler has crashed or hung building an element.\n\n--\n\n", 
            "result": "FAIL"
          }, 
          {
            "test": "kernel/next_fail.cl", 
            "output": "N/A", 
            "result": "PASS"
          }, 
          {
            "test": "kernel/test_suite_usage_example.cl", 
            "output": "N/A", 
            "result": "PASS"
          }, 
          {
            "test": "kernel/use_local_address_in_inline_function.cl", 
            "output": "Script:\n--\ntools/ocl-tester/ocl-tester compile --device 4815861465216327544 < tests/kernel/use_local_address_in_inline_function.cl\n--\nExit Code: 1\n\nCommand Output (stderr):\n--\nError: Failed to build program... reading build log...\n-------- Build log: --------\nCVMS_ERROR_COMPILER_FAILURE: CVMS compiler has crashed or hung building an element.\n\n--\n\n", 
            "result": "FAIL"
          }, 
          {
            "test": "kernel/write_value_to_local_memory_variable.cl", 
            "output": "N/A", 
            "result": "PASS"
          }, 
          {
            "test": "kernel/write_wg_size_to_local_memory_table.cl", 
            "output": "N/A", 
            "result": "PASS"
          }, 
          {
            "test": "kernel/zero_low_or_high_bits_of_local.cl", 
            "output": "Script:\n--\ntools/ocl-tester/ocl-tester compile --device 4815861465216327544 < tests/kernel/zero_low_or_high_bits_of_local.cl\n--\nExit Code: 1\n\nCommand Output (stderr):\n--\nError: Failed to build program... reading build log...\n-------- Build log: --------\nCVMS_ERROR_COMPILER_FAILURE: CVMS compiler has crashed or hung building an element.\n\n--\n\n", 
            "result": "FAIL"
          }
        ]
      }
    }
  }, 
  "3285735189821986446": {
    "deviceInfo": {
      "deviceName": "Intel(R) Core(TM) i7-3540M CPU @ 3.00GHz", 
      "uuid": 3285735189821986446, 
      "driverVersion": "3.0.1.10878", 
      "platformVersion": "OpenCL 1.2", 
      "platformName": "Intel(R) OpenCL", 
      "openCLCVersion": "OpenCL C 1.2", 
      "deviceVersion": "OpenCL 1.2 (Build 76413)"
    }, 
    "results": {
      "2014-04-28T16:09:29+03:00": {
        "date": "2014-04-28T16:09:29+03:00", 
        "tests": [
          {
            "test": "kernel/cast_and_do_arithmetics_with_local_pointer.cl", 
            "output": "N/A", 
            "result": "PASS"
          }, 
          {
            "test": "kernel/constant_struct_has_pointer_to_self.cl", 
            "output": "N/A", 
            "result": "PASS"
          }, 
          {
            "test": "kernel/nested_struct_with_local_memory_pointers.cl", 
            "output": "N/A", 
            "result": "PASS"
          }, 
          {
            "test": "kernel/test_suite_usage_example.cl", 
            "output": "N/A", 
            "result": "PASS"
          }, 
          {
            "test": "kernel/use_local_address_in_inline_function.cl", 
            "output": "N/A", 
            "result": "PASS"
          }, 
          {
            "test": "kernel/write_value_to_local_memory_variable.cl", 
            "output": "N/A", 
            "result": "PASS"
          }, 
          {
            "test": "kernel/write_wg_size_to_local_memory_table.cl", 
            "output": "N/A", 
            "result": "PASS"
          }, 
          {
            "test": "kernel/zero_low_or_high_bits_of_local.cl", 
            "output": "Script:\n--\n\"tools/ocl-tester/Debug/ocl-tester.exe\" compile --device 2408192232 < \"tests\\kernel\\zero_low_or_high_bits_of_local.cl\"\n--\nExit Code: 3\n\nCommand Output (stdout):\n--\nCommand 0: \"tools/ocl-tester/Debug/ocl-tester.exe\" \"compile\" \"--device\" \"2408192232\"\nCommand 0 Result: 3\nCommand 0 Output:\n\n\nCommand 0 Stderr:\nInstruction does not dominate all uses!\n  %5 = getelementptr i8 addrspace(3)* %1, i64 128\n  %2 = icmp ult i8 addrspace(3)* %5, %1\nInstruction does not dominate all uses!\n  %2 = icmp ult i8 addrspace(3)* %5, %1\n  %.v.i = select i1 %2, i8 addrspace(3)* %3, i8 addrspace(3)* %1\nInstruction does not dominate all uses!\n  %.v.i = select i1 %2, i8 addrspace(3)* %3, i8 addrspace(3)* %1\n  %4 = bitcast i8 addrspace(3)* %.v.i to i32 addrspace(3)*\nInstruction does not dominate all uses!\n  %4 = bitcast i8 addrspace(3)* %.v.i to i32 addrspace(3)*\n  store i32 0, i32 addrspace(3)* %4, align 4\nBroken module found, compilation aborted!\n\n\n\n--\n\n", 
            "result": "FAIL"
          }
        ]
      }
    }
  }, 
  "6174341777325082175": {
    "deviceInfo": {
      "deviceName": "GeForce GT 650M", 
      "uuid": 6174341777325082175, 
      "driverVersion": "306.37", 
      "platformVersion": "OpenCL 1.1 CUDA 4.2.1", 
      "platformName": "NVIDIA CUDA", 
      "openCLCVersion": "OpenCL C 1.1", 
      "deviceVersion": "OpenCL 1.1 CUDA"
    }, 
    "results": {
      "2014-04-13T03:17:34+03:00": {
        "date": "2014-04-13T03:17:34+03:00", 
        "tests": [
          {
            "test": "kernel/cast_and_do_arithmetics_with_local_pointer.cl", 
            "output": "N/A", 
            "result": "PASS"
          }, 
          {
            "test": "kernel/constant_struct_has_pointer_to_self.cl", 
            "output": "Script:\n--\n\"tools/ocl-tester/Debug/ocl-tester.exe\" compile --device 2263283518 < \"tests\\kernel\\constant_struct_has_pointer_to_self.cl\"\n--\nExit Code: 1\n\nCommand Output (stdout):\n--\nCommand 0: \"tools/ocl-tester/Debug/ocl-tester.exe\" \"compile\" \"--device\" \"2263283518\"\nCommand 0 Result: 1\nCommand 0 Output:\n\n\nCommand 0 Stderr:\nError: Failed to build program... reading build log...\r\n-------- Build log: --------\r\nptxas application ptx input, line 11; : error : Variable used as initial value not in .global or .const state space\r\nptxas application ptx input, line 11; : error : Label expected for forward reference of 'constants'\r\nptxas : fatal error : Ptx assembly aborted due to errors\r\n\n\n\n--\n\n", 
            "result": "FAIL"
          }, 
          {
            "test": "kernel/nested_struct_with_local_memory_pointers.cl", 
            "output": "N/A", 
            "result": "PASS"
          }, 
          {
            "test": "kernel/test_suite_usage_example.cl", 
            "output": "N/A", 
            "result": "PASS"
          }, 
          {
            "test": "kernel/use_local_address_in_inline_function.cl", 
            "output": "N/A", 
            "result": "PASS"
          }, 
          {
            "test": "kernel/write_value_to_local_memory_variable.cl", 
            "output": "N/A", 
            "result": "PASS"
          }, 
          {
            "test": "kernel/write_wg_size_to_local_memory_table.cl", 
            "output": "N/A", 
            "result": "PASS"
          }, 
          {
            "test": "kernel/zero_low_or_high_bits_of_local.cl", 
            "output": "N/A", 
            "result": "PASS"
          }
        ]
      }, 
      "2014-04-13T02:43:06+03:00": {
        "date": "2014-04-13T02:43:06+03:00", 
        "tests": [
          {
            "test": "kernel/cast_and_do_arithmetics_with_local_pointer.cl", 
            "output": "N/A", 
            "result": "PASS"
          }, 
          {
            "test": "kernel/constant_struct_has_pointer_to_self.cl", 
            "output": "Script:\n--\n\"tools/ocl-tester/Debug/ocl-tester.exe\" compile --device 2263283518 < \"tests/kernel/constant_struct_has_pointer_to_self.cl\"\n--\nExit Code: 1\n\nCommand Output (stderr):\n--\nError: Failed to build program... reading build log...\r\n-------- Build log: --------\r\nptxas application ptx input, line 11; : error : Variable used as initial value not in .global or .const state space\r\nptxas application ptx input, line 11; : error : Label expected for forward reference of 'constants'\r\nptxas : fatal error : Ptx assembly aborted due to errors\r\n\n--\n\n", 
            "result": "FAIL"
          }, 
          {
            "test": "kernel/nested_struct_with_local_memory_pointers.cl", 
            "output": "N/A", 
            "result": "PASS"
          }, 
          {
            "test": "kernel/test_suite_usage_example.cl", 
            "output": "N/A", 
            "result": "PASS"
          }, 
          {
            "test": "kernel/use_local_address_in_inline_function.cl", 
            "output": "N/A", 
            "result": "PASS"
          }, 
          {
            "test": "kernel/write_value_to_local_memory_variable.cl", 
            "output": "N/A", 
            "result": "PASS"
          }, 
          {
            "test": "kernel/write_wg_size_to_local_memory_table.cl", 
            "output": "N/A", 
            "result": "PASS"
          }, 
          {
            "test": "kernel/zero_low_or_high_bits_of_local.cl", 
            "output": "N/A", 
            "result": "PASS"
          }
        ]
      }
    }
  }
}
